<?xml version="1.0" encoding="UTF-8"?>
<testng-results skipped="0" failed="0" ignored="0" total="1" passed="1">
  <reporter-output>
  </reporter-output>
  <suite name="Default suite" duration-ms="36" started-at="2020-05-31T20:00:22Z" finished-at="2020-05-31T20:00:22Z">
    <groups>
    </groups>
    <test name="Default test" duration-ms="36" started-at="2020-05-31T20:00:22Z" finished-at="2020-05-31T20:00:22Z">
      <class name="com.manish.framework.sampleTest">
        <test-method status="PASS" signature="testIt()[pri:0, instance:com.manish.framework.sampleTest@5ae9a829]" name="testIt" duration-ms="9" started-at="2020-05-31T20:00:22Z" finished-at="2020-05-31T20:00:22Z">
          <reporter-output>
          </reporter-output>
        </test-method> <!-- testIt -->
      </class> <!-- com.manish.framework.sampleTest -->
    </test> <!-- Default test -->
  </suite> <!-- Default suite -->
</testng-results>
